2022-09-26 20:57:01.616  INFO 3076 --- [main] c.c.c.p.ProductManagementApplication     : Starting ProductManagementApplication using Java 1.8.0_342 on Laptop-HP with PID 3076 (C:\Users\Joseph\Desktop\project\productManagement\target\classes started by Joseph in C:\Users\Joseph\Desktop\project\productManagement)
2022-09-26 20:57:01.622  INFO 3076 --- [main] c.c.c.p.ProductManagementApplication     : The following 1 profile is active: "joseph"
2022-09-26 20:57:02.324  INFO 3076 --- [main] .s.d.r.c.RepositoryConfigurationDelegate : Bootstrapping Spring Data JPA repositories in DEFAULT mode.
2022-09-26 20:57:02.374  INFO 3076 --- [main] .s.d.r.c.RepositoryConfigurationDelegate : Finished Spring Data repository scanning in 41 ms. Found 3 JPA repository interfaces.
2022-09-26 20:57:02.747  INFO 3076 --- [main] o.s.b.w.embedded.tomcat.TomcatWebServer  : Tomcat initialized with port(s): 9091 (http)
2022-09-26 20:57:02.753  INFO 3076 --- [main] o.apache.catalina.core.StandardService   : Starting service [Tomcat]
2022-09-26 20:57:02.754  INFO 3076 --- [main] org.apache.catalina.core.StandardEngine  : Starting Servlet engine: [Apache Tomcat/9.0.65]
2022-09-26 20:57:03.590  INFO 3076 --- [main] o.a.c.c.C.[Tomcat].[localhost].[/]       : Initializing Spring embedded WebApplicationContext
2022-09-26 20:57:03.591  INFO 3076 --- [main] w.s.c.ServletWebServerApplicationContext : Root WebApplicationContext: initialization completed in 1929 ms
2022-09-26 20:57:03.750  INFO 3076 --- [main] o.hibernate.jpa.internal.util.LogHelper  : HHH000204: Processing PersistenceUnitInfo [name: default]
2022-09-26 20:57:03.806  INFO 3076 --- [main] org.hibernate.Version                    : HHH000412: Hibernate ORM core version 5.6.10.Final
2022-09-26 20:57:03.947  INFO 3076 --- [main] o.hibernate.annotations.common.Version   : HCANN000001: Hibernate Commons Annotations {5.1.2.Final}
2022-09-26 20:57:04.097  INFO 3076 --- [main] com.zaxxer.hikari.HikariDataSource       : HikariPool-1 - Starting...
2022-09-26 20:57:04.207  INFO 3076 --- [main] com.zaxxer.hikari.HikariDataSource       : HikariPool-1 - Start completed.
2022-09-26 20:57:04.217  INFO 3076 --- [main] org.hibernate.dialect.Dialect            : HHH000400: Using dialect: org.hibernate.dialect.MySQL5Dialect
2022-09-26 20:57:04.774  INFO 3076 --- [main] o.h.e.t.j.p.i.JtaPlatformInitiator       : HHH000490: Using JtaPlatform implementation: [org.hibernate.engine.transaction.jta.platform.internal.NoJtaPlatform]
2022-09-26 20:57:04.783  INFO 3076 --- [main] j.LocalContainerEntityManagerFactoryBean : Initialized JPA EntityManagerFactory for persistence unit 'default'
2022-09-26 20:57:04.810  WARN 3076 --- [main] JpaBaseConfiguration$JpaWebConfiguration : spring.jpa.open-in-view is enabled by default. Therefore, database queries may be performed during view rendering. Explicitly configure spring.jpa.open-in-view to disable this warning
2022-09-26 20:57:05.290  INFO 3076 --- [main] o.s.s.web.DefaultSecurityFilterChain     : Will secure any request with [org.springframework.security.web.session.DisableEncodeUrlFilter@3a16984c, org.springframework.security.web.context.request.async.WebAsyncManagerIntegrationFilter@3db1ce78, org.springframework.security.web.context.SecurityContextPersistenceFilter@ce561cc, org.springframework.security.web.header.HeaderWriterFilter@1b4a3a1, org.springframework.security.web.csrf.CsrfFilter@7e58f697, org.springframework.security.web.authentication.logout.LogoutFilter@5da57a64, org.springframework.security.web.authentication.UsernamePasswordAuthenticationFilter@677cc4e8, org.springframework.security.web.savedrequest.RequestCacheAwareFilter@7f8c3646, org.springframework.security.web.servletapi.SecurityContextHolderAwareRequestFilter@5889fc44, org.springframework.security.web.authentication.AnonymousAuthenticationFilter@3a3ad8e7, org.springframework.security.web.session.SessionManagementFilter@786a3477, org.springframework.security.web.access.ExceptionTranslationFilter@5a06904, org.springframework.security.web.access.intercept.FilterSecurityInterceptor@8432469]
2022-09-26 20:57:05.578  INFO 3076 --- [main] o.s.b.w.embedded.tomcat.TomcatWebServer  : Tomcat started on port(s): 9091 (http) with context path ''
2022-09-26 20:57:05.587  INFO 3076 --- [main] c.c.c.p.ProductManagementApplication     : Started ProductManagementApplication in 4.311 seconds (JVM running for 8.863)
2022-09-26 20:57:20.971  INFO 3076 --- [http-nio-9091-exec-2] o.a.c.c.C.[Tomcat].[localhost].[/]       : Initializing Spring DispatcherServlet 'dispatcherServlet'
2022-09-26 20:57:20.971  INFO 3076 --- [http-nio-9091-exec-2] o.s.web.servlet.DispatcherServlet        : Initializing Servlet 'dispatcherServlet'
2022-09-26 20:57:20.974  INFO 3076 --- [http-nio-9091-exec-2] o.s.web.servlet.DispatcherServlet        : Completed initialization in 2 ms
2022-09-26 20:59:10.338  INFO 3076 --- [SpringApplicationShutdownHook] j.LocalContainerEntityManagerFactoryBean : Closing JPA EntityManagerFactory for persistence unit 'default'
2022-09-26 20:59:10.340  INFO 3076 --- [SpringApplicationShutdownHook] com.zaxxer.hikari.HikariDataSource       : HikariPool-1 - Shutdown initiated...
2022-09-26 20:59:10.348  INFO 3076 --- [SpringApplicationShutdownHook] com.zaxxer.hikari.HikariDataSource       : HikariPool-1 - Shutdown completed.
2022-09-26 20:59:14.242  INFO 12788 --- [main] c.c.c.p.ProductManagementApplication     : Starting ProductManagementApplication using Java 1.8.0_342 on Laptop-HP with PID 12788 (C:\Users\Joseph\Desktop\project\productManagement\target\classes started by Joseph in C:\Users\Joseph\Desktop\project\productManagement)
2022-09-26 20:59:14.246  INFO 12788 --- [main] c.c.c.p.ProductManagementApplication     : The following 1 profile is active: "joseph"
2022-09-26 20:59:14.938  INFO 12788 --- [main] .s.d.r.c.RepositoryConfigurationDelegate : Bootstrapping Spring Data JPA repositories in DEFAULT mode.
2022-09-26 20:59:14.985  INFO 12788 --- [main] .s.d.r.c.RepositoryConfigurationDelegate : Finished Spring Data repository scanning in 38 ms. Found 3 JPA repository interfaces.
2022-09-26 20:59:15.392  INFO 12788 --- [main] o.s.b.w.embedded.tomcat.TomcatWebServer  : Tomcat initialized with port(s): 9091 (http)
2022-09-26 20:59:15.398  INFO 12788 --- [main] o.apache.catalina.core.StandardService   : Starting service [Tomcat]
2022-09-26 20:59:15.398  INFO 12788 --- [main] org.apache.catalina.core.StandardEngine  : Starting Servlet engine: [Apache Tomcat/9.0.65]
2022-09-26 20:59:15.474  INFO 12788 --- [main] o.a.c.c.C.[Tomcat].[localhost].[/]       : Initializing Spring embedded WebApplicationContext
2022-09-26 20:59:15.474  INFO 12788 --- [main] w.s.c.ServletWebServerApplicationContext : Root WebApplicationContext: initialization completed in 1172 ms
2022-09-26 20:59:15.590  INFO 12788 --- [main] o.hibernate.jpa.internal.util.LogHelper  : HHH000204: Processing PersistenceUnitInfo [name: default]
2022-09-26 20:59:15.628  INFO 12788 --- [main] org.hibernate.Version                    : HHH000412: Hibernate ORM core version 5.6.10.Final
2022-09-26 20:59:15.756  INFO 12788 --- [main] o.hibernate.annotations.common.Version   : HCANN000001: Hibernate Commons Annotations {5.1.2.Final}
2022-09-26 20:59:15.867  INFO 12788 --- [main] com.zaxxer.hikari.HikariDataSource       : HikariPool-1 - Starting...
2022-09-26 20:59:15.949  INFO 12788 --- [main] com.zaxxer.hikari.HikariDataSource       : HikariPool-1 - Start completed.
2022-09-26 20:59:15.957  INFO 12788 --- [main] org.hibernate.dialect.Dialect            : HHH000400: Using dialect: org.hibernate.dialect.MySQL5Dialect
2022-09-26 20:59:16.364  INFO 12788 --- [main] o.h.e.t.j.p.i.JtaPlatformInitiator       : HHH000490: Using JtaPlatform implementation: [org.hibernate.engine.transaction.jta.platform.internal.NoJtaPlatform]
2022-09-26 20:59:16.371  INFO 12788 --- [main] j.LocalContainerEntityManagerFactoryBean : Initialized JPA EntityManagerFactory for persistence unit 'default'
2022-09-26 20:59:16.393  WARN 12788 --- [main] JpaBaseConfiguration$JpaWebConfiguration : spring.jpa.open-in-view is enabled by default. Therefore, database queries may be performed during view rendering. Explicitly configure spring.jpa.open-in-view to disable this warning
2022-09-26 20:59:16.818  INFO 12788 --- [main] o.s.s.web.DefaultSecurityFilterChain     : Will secure any request with [org.springframework.security.web.session.DisableEncodeUrlFilter@6a6d1ff3, org.springframework.security.web.context.request.async.WebAsyncManagerIntegrationFilter@64b73e0a, org.springframework.security.web.context.SecurityContextPersistenceFilter@14b95942, org.springframework.security.web.header.HeaderWriterFilter@286866cb, org.springframework.security.web.csrf.CsrfFilter@4239262e, org.springframework.security.web.authentication.logout.LogoutFilter@6136e1fc, org.springframework.security.web.authentication.UsernamePasswordAuthenticationFilter@2ae5bd34, org.springframework.security.web.savedrequest.RequestCacheAwareFilter@667797f, org.springframework.security.web.servletapi.SecurityContextHolderAwareRequestFilter@52ca0ad4, org.springframework.security.web.authentication.AnonymousAuthenticationFilter@57c6feea, org.springframework.security.web.session.SessionManagementFilter@56ec6960, org.springframework.security.web.access.ExceptionTranslationFilter@7e848aea, org.springframework.security.web.access.intercept.FilterSecurityInterceptor@1a17dd6f]
2022-09-26 20:59:17.093  INFO 12788 --- [main] o.s.b.w.embedded.tomcat.TomcatWebServer  : Tomcat started on port(s): 9091 (http) with context path ''
2022-09-26 20:59:17.101  INFO 12788 --- [main] c.c.c.p.ProductManagementApplication     : Started ProductManagementApplication in 3.207 seconds (JVM running for 3.839)
2022-09-26 20:59:21.913  INFO 12788 --- [http-nio-9091-exec-1] o.a.c.c.C.[Tomcat].[localhost].[/]       : Initializing Spring DispatcherServlet 'dispatcherServlet'
2022-09-26 20:59:21.914  INFO 12788 --- [http-nio-9091-exec-1] o.s.web.servlet.DispatcherServlet        : Initializing Servlet 'dispatcherServlet'
2022-09-26 20:59:21.916  INFO 12788 --- [http-nio-9091-exec-1] o.s.web.servlet.DispatcherServlet        : Completed initialization in 2 ms
2022-09-26 21:00:45.314  INFO 12788 --- [SpringApplicationShutdownHook] j.LocalContainerEntityManagerFactoryBean : Closing JPA EntityManagerFactory for persistence unit 'default'
2022-09-26 21:00:45.316  INFO 12788 --- [SpringApplicationShutdownHook] com.zaxxer.hikari.HikariDataSource       : HikariPool-1 - Shutdown initiated...
2022-09-26 21:00:45.323  INFO 12788 --- [SpringApplicationShutdownHook] com.zaxxer.hikari.HikariDataSource       : HikariPool-1 - Shutdown completed.
